[LOG] System::create                           : Header version = 2.02.04. Current version = 2.02.04.
[LOG] Manager::init                            : maxchannels = 256 studioflags = 00000006 flags 00000000 extradriverdata 0000000000000000.
[LOG] SystemI::init                            : Initialize version=20204 (121702), maxchannels=256, flags=0x00020000
[LOG] SystemI::setOutputInternal               : Setting output to 'FMOD WASAPI Output'
[LOG] OutputWASAPI::init                       : Mix Format (WAVEFORMATEX): wFormatTag=0xFFFE, nChannels=2, nSamplesPerSec=48000, nAvgBytesPerSec=384000, nBlockAlign=8, wBitsPerSample=32, cbSize=22.
[LOG] OutputWASAPI::init                       : Mix Format (WAVEFORMATEXTENSIBLE): wValidBitsPerSample=32, dwChannelMask=0x00000003, SubFormat=00000003-0000-0010-8000-00AA00389B71.
[LOG] OutputWASAPI::init                       : Output buffer size: 4096 samples, latency: 10.67ms, period: 10.00ms, DSP buffer: 1024 * 4
[LOG] Thread::initThread                       : Init FMOD stream thread. Affinity: 0x4000000000000003, Priority: 0xFFFF7FFB, Stack Size: 98304, Semaphore: No, Sleep Time: 10, Looping: Yes.
[LOG] Thread::initThread                       : Init FMOD mixer thread. Affinity: 0x4000000000000001, Priority: 0xFFFF7FFA, Stack Size: 81920, Semaphore: No, Sleep Time: 0, Looping: Yes.
[LOG] AsyncManager::init                       : manager 000000005913C798 isAsync 0 updatePeriod 0.02
[LOG] AsyncManager::init                       : done
[LOG] PlaybackSystem::init                     : 
[LOG] Thread::initThread                       : Init FMOD Studio sample load thread. Affinity: 0x4000000000000003, Priority: 0xFFFF7FFD, Stack Size: 98304, Semaphore: No, Sleep Time: 1, Looping: No.
[LOG] PlaybackSystem::init                     : done
[LOG] Thread::initThread                       : Init FMOD Studio bank load thread. Affinity: 0x4000000000000003, Priority: 0xFFFF7FFD, Stack Size: 98304, Semaphore: No, Sleep Time: 1, Looping: No.
[LOG] Manager::init                            : done.
[LOG] Manager::readBank                        : fileversion = 141, compatVersion = 140 (oldest = 44, newest = 141)
[LOG] Manager::readBank                        : fileversion = 141, compatVersion = 140 (oldest = 44, newest = 141)
[LOG] Manager::readBank                        : fileversion = 141, compatVersion = 140 (oldest = 44, newest = 141)
[LOG] PlaybackSystem::acquireMasterBus         : Setting master channel group format to 6
[LOG] SystemI::createSoundInternal             : Create name='', mode=0x02000202
[LOG] SystemI::createSoundInternal             : exinfo->cbsize             = 224
[LOG] SystemI::createSoundInternal             : exinfo->length             = 9954816
[LOG] SystemI::createSoundInternal             : exinfo->fileoffset         = 79712
[LOG] SystemI::createSoundInternal             : exinfo->numsubsounds       = 1
[LOG] SystemI::createSoundInternal             : exinfo->inclusionlist      = 000000005C75EFF8
[LOG] SystemI::createSoundInternal             : exinfo->inclusionlistnum   = 1
[LOG] SystemI::createSoundInternal             : exinfo->suggestedsoundtype = 5
[LOG] SystemI::createSoundInternal             : exinfo->useropen           = 000007FEC0620AD0
[LOG] SystemI::createSoundInternal             : exinfo->userclose          = 000007FEC0620AA0
[LOG] SystemI::createSoundInternal             : exinfo->userread           = 000007FEC0620BA0
[LOG] SystemI::createSoundInternal             : exinfo->userseek           = 000007FEC0620C60
[LOG] SystemI::createSoundInternal             : exinfo->fileuserdata       = 000000003682E888
[LOG] SystemI::createSoundInternal             : exinfo->initialseekpostype = 1
[LOG] SystemI::DSPCodecPoolRegister            : register codec pool for pool type 5
[LOG] SystemI::createSoundInternal             : Sample 0/1: name='snd_character_footstep_cloth1', format=5, channels=2, frequency=48000, lengthbytes=8352, lengthpcm=31247, pcmblocksize=0, loopstart=0, loopend=0, mode=0x00000000, channelmask=0x00000000, channelorder=0, peakvolume=0.005005.
[LOG] SystemI::createSoundInternal             : Create name='', mode=0x02000202
[LOG] SystemI::createSoundInternal             : exinfo->cbsize             = 224
[LOG] SystemI::createSoundInternal             : exinfo->length             = 9954816
[LOG] SystemI::createSoundInternal             : exinfo->fileoffset         = 79712
[LOG] SystemI::createSoundInternal             : exinfo->numsubsounds       = 1
[LOG] SystemI::createSoundInternal             : exinfo->inclusionlist      = 000000005C75EFF8
[LOG] SystemI::createSoundInternal             : exinfo->inclusionlistnum   = 1
[LOG] SystemI::createSoundInternal             : exinfo->suggestedsoundtype = 5
[LOG] SystemI::createSoundInternal             : exinfo->useropen           = 000007FEC0620AD0
[LOG] SystemI::createSoundInternal             : exinfo->userclose          = 000007FEC0620AA0
[LOG] SystemI::createSoundInternal             : exinfo->userread           = 000007FEC0620BA0
[LOG] SystemI::createSoundInternal             : exinfo->userseek           = 000007FEC0620C60
[LOG] SystemI::createSoundInternal             : exinfo->fileuserdata       = 000000003682E888
[LOG] SystemI::createSoundInternal             : exinfo->initialseekpostype = 1
[LOG] SystemI::DSPCodecPoolRegister            : register codec pool for pool type 5
[LOG] SystemI::createSoundInternal             : Sample 0/1: name='snd_character_jumpdown_metal1', format=5, channels=2, frequency=48000, lengthbytes=6112, lengthpcm=51642, pcmblocksize=0, loopstart=0, loopend=0, mode=0x00000000, channelmask=0x00000000, channelorder=0, peakvolume=0.043793.
[LOG] SystemI::createSoundInternal             : Create name='', mode=0x02000202
[LOG] SystemI::createSoundInternal             : exinfo->cbsize             = 224
[LOG] SystemI::createSoundInternal             : exinfo->length             = 9954816
[LOG] SystemI::createSoundInternal             : exinfo->fileoffset         = 79712
[LOG] SystemI::createSoundInternal             : exinfo->numsubsounds       = 1
[LOG] SystemI::createSoundInternal             : exinfo->inclusionlist      = 000000005C75EFF8
[LOG] SystemI::createSoundInternal             : exinfo->inclusionlistnum   = 1
[LOG] SystemI::createSoundInternal             : exinfo->suggestedsoundtype = 5
[LOG] SystemI::createSoundInternal             : exinfo->useropen           = 000007FEC0620AD0
[LOG] SystemI::createSoundInternal             : exinfo->userclose          = 000007FEC0620AA0
[LOG] SystemI::createSoundInternal             : exinfo->userread           = 000007FEC0620BA0
[LOG] SystemI::createSoundInternal             : exinfo->userseek           = 000007FEC0620C60
[LOG] SystemI::createSoundInternal             : exinfo->fileuserdata       = 000000003682E888
[LOG] SystemI::createSoundInternal             : exinfo->initialseekpostype = 1
[LOG] SystemI::DSPCodecPoolRegister            : register codec pool for pool type 5
[LOG] SystemI::createSoundInternal             : Sample 0/1: name='snd_character_footstep_cloth4', format=5, channels=2, frequency=48000, lengthbytes=8224, lengthpcm=30194, pcmblocksize=0, loopstart=0, loopend=0, mode=0x00000000, channelmask=0x00000000, channelorder=0, peakvolume=0.005310.
[LOG] SystemI::createSoundInternal             : Create name='', mode=0x02000202
[LOG] SystemI::createSoundInternal             : exinfo->cbsize             = 224
[LOG] SystemI::createSoundInternal             : exinfo->length             = 9954816
[LOG] SystemI::createSoundInternal             : exinfo->fileoffset         = 79712
[LOG] SystemI::createSoundInternal             : exinfo->numsubsounds       = 1
[LOG] SystemI::createSoundInternal             : exinfo->inclusionlist      = 000000005C75EFF8
[LOG] SystemI::createSoundInternal             : exinfo->inclusionlistnum   = 1
[LOG] SystemI::createSoundInternal             : exinfo->suggestedsoundtype = 5
[LOG] SystemI::createSoundInternal             : exinfo->useropen           = 000007FEC0620AD0
[LOG] SystemI::createSoundInternal             : exinfo->userclose          = 000007FEC0620AA0
[LOG] SystemI::createSoundInternal             : exinfo->userread           = 000007FEC0620BA0
[LOG] SystemI::createSoundInternal             : exinfo->userseek           = 000007FEC0620C60
[LOG] SystemI::createSoundInternal             : exinfo->fileuserdata       = 000000003682E888
[LOG] SystemI::createSoundInternal             : exinfo->initialseekpostype = 1
[LOG] SystemI::DSPCodecPoolRegister            : register codec pool for pool type 5
[LOG] SystemI::createSoundInternal             : Sample 0/1: name='snd_character_footstep_cloth3', format=5, channels=2, frequency=48000, lengthbytes=10208, lengthpcm=36690, pcmblocksize=0, loopstart=0, loopend=0, mode=0x00000000, channelmask=0x00000000, channelorder=0, peakvolume=0.009125.
[LOG] SystemI::createSoundInternal             : Create name='', mode=0x02000202
[LOG] SystemI::createSoundInternal             : exinfo->cbsize             = 224
[LOG] SystemI::createSoundInternal             : exinfo->length             = 9954816
[LOG] SystemI::createSoundInternal             : exinfo->fileoffset         = 79712
[LOG] SystemI::createSoundInternal             : exinfo->numsubsounds       = 1
[LOG] SystemI::createSoundInternal             : exinfo->inclusionlist      = 000000005C75EFF8
[LOG] SystemI::createSoundInternal             : exinfo->inclusionlistnum   = 1
[LOG] SystemI::createSoundInternal             : exinfo->suggestedsoundtype = 5
[LOG] SystemI::createSoundInternal             : exinfo->useropen           = 000007FEC0620AD0
[LOG] SystemI::createSoundInternal             : exinfo->userclose          = 000007FEC0620AA0
[LOG] SystemI::createSoundInternal             : exinfo->userread           = 000007FEC0620BA0
[LOG] SystemI::createSoundInternal             : exinfo->userseek           = 000007FEC0620C60
[LOG] SystemI::createSoundInternal             : exinfo->fileuserdata       = 000000003682E888
[LOG] SystemI::createSoundInternal             : exinfo->initialseekpostype = 1
[LOG] SystemI::DSPCodecPoolRegister            : register codec pool for pool type 5
[LOG] SystemI::createSoundInternal             : Sample 0/1: name='snd_character_footstep_cloth2', format=5, channels=2, frequency=48000, lengthbytes=7648, lengthpcm=28790, pcmblocksize=0, loopstart=0, loopend=0, mode=0x00000000, channelmask=0x00000000, channelorder=0, peakvolume=0.006104.
[LOG] SystemI::createSoundInternal             : Create name='', mode=0x02000202
[LOG] SystemI::createSoundInternal             : exinfo->cbsize             = 224
[LOG] SystemI::createSoundInternal             : exinfo->length             = 9954816
[LOG] SystemI::createSoundInternal             : exinfo->fileoffset         = 79712
[LOG] SystemI::createSoundInternal             : exinfo->numsubsounds       = 1
[LOG] SystemI::createSoundInternal             : exinfo->inclusionlist      = 000000005C75EFF8
[LOG] SystemI::createSoundInternal             : exinfo->inclusionlistnum   = 1
[LOG] SystemI::createSoundInternal             : exinfo->suggestedsoundtype = 5
[LOG] SystemI::createSoundInternal             : exinfo->useropen           = 000007FEC0620AD0
[LOG] SystemI::createSoundInternal             : exinfo->userclose          = 000007FEC0620AA0
[LOG] SystemI::createSoundInternal             : exinfo->userread           = 000007FEC0620BA0
[LOG] SystemI::createSoundInternal             : exinfo->userseek           = 000007FEC0620C60
[LOG] SystemI::createSoundInternal             : exinfo->fileuserdata       = 000000003682E888
[LOG] SystemI::createSoundInternal             : exinfo->initialseekpostype = 1
[LOG] SystemI::DSPCodecPoolRegister            : register codec pool for pool type 5
[LOG] SystemI::createSoundInternal             : Sample 0/1: name='snd_character_jumpdown_metal2', format=5, channels=2, frequency=48000, lengthbytes=11072, lengthpcm=51642, pcmblocksize=0, loopstart=0, loopend=0, mode=0x00000000, channelmask=0x00000000, channelorder=0, peakvolume=0.030975.
[LOG] SystemI::createSoundInternal             : Create name='', mode=0x02000202
[LOG] SystemI::createSoundInternal             : exinfo->cbsize             = 224
[LOG] SystemI::createSoundInternal             : exinfo->length             = 9954816
[LOG] SystemI::createSoundInternal             : exinfo->fileoffset         = 79712
[LOG] SystemI::createSoundInternal             : exinfo->numsubsounds       = 1
[LOG] SystemI::createSoundInternal             : exinfo->inclusionlist      = 000000005C75EFF8
[LOG] SystemI::createSoundInternal             : exinfo->inclusionlistnum   = 1
[LOG] SystemI::createSoundInternal             : exinfo->suggestedsoundtype = 5
[LOG] SystemI::createSoundInternal             : exinfo->useropen           = 000007FEC0620AD0
[LOG] SystemI::createSoundInternal             : exinfo->userclose          = 000007FEC0620AA0
[LOG] SystemI::createSoundInternal             : exinfo->userread           = 000007FEC0620BA0
[LOG] SystemI::createSoundInternal             : exinfo->userseek           = 000007FEC0620C60
[LOG] SystemI::createSoundInternal             : exinfo->fileuserdata       = 000000003682E888
[LOG] SystemI::createSoundInternal             : exinfo->initialseekpostype = 1
[LOG] SystemI::DSPCodecPoolRegister            : register codec pool for pool type 5
[LOG] SystemI::createSoundInternal             : Sample 0/1: name='snd_character_jumpdown2', format=5, channels=2, frequency=48000, lengthbytes=4384, lengthpcm=16153, pcmblocksize=0, loopstart=0, loopend=0, mode=0x00000000, channelmask=0x00000000, channelorder=0, peakvolume=0.704590.
[LOG] SystemI::createSoundInternal             : Create name='', mode=0x02000202
[LOG] SystemI::createSoundInternal             : exinfo->cbsize             = 224
[LOG] SystemI::createSoundInternal             : exinfo->length             = 9954816
[LOG] SystemI::createSoundInternal             : exinfo->fileoffset         = 79712
[LOG] SystemI::createSoundInternal             : exinfo->numsubsounds       = 1
[LOG] SystemI::createSoundInternal             : exinfo->inclusionlist      = 000000005C75EFF8
[LOG] SystemI::createSoundInternal             : exinfo->inclusionlistnum   = 1
[LOG] SystemI::createSoundInternal             : exinfo->suggestedsoundtype = 5
[LOG] SystemI::createSoundInternal             : exinfo->useropen           = 000007FEC0620AD0
[LOG] SystemI::createSoundInternal             : exinfo->userclose          = 000007FEC0620AA0
[LOG] SystemI::createSoundInternal             : exinfo->userread           = 000007FEC0620BA0
[LOG] SystemI::createSoundInternal             : exinfo->userseek           = 000007FEC0620C60
[LOG] SystemI::createSoundInternal             : exinfo->fileuserdata       = 000000003682E888
[LOG] SystemI::createSoundInternal             : exinfo->initialseekpostype = 1
[LOG] SystemI::DSPCodecPoolRegister            : register codec pool for pool type 5
[LOG] SystemI::createSoundInternal             : Sample 0/1: name='snd_character_jumpdown_metal4', format=5, channels=2, frequency=48000, lengthbytes=1824, lengthpcm=51642, pcmblocksize=0, loopstart=0, loopend=0, mode=0x00000000, channelmask=0x00000000, channelorder=0, peakvolume=0.092468.
[LOG] SystemI::createSoundInternal             : Create name='', mode=0x02000202
[LOG] SystemI::createSoundInternal             : exinfo->cbsize             = 224
[LOG] SystemI::createSoundInternal             : exinfo->length             = 9954816
[LOG] SystemI::createSoundInternal             : exinfo->fileoffset         = 79712
[LOG] SystemI::createSoundInternal             : exinfo->numsubsounds       = 1
[LOG] SystemI::createSoundInternal             : exinfo->inclusionlist      = 000000005C75EFF8
[LOG] SystemI::createSoundInternal             : exinfo->inclusionlistnum   = 1
[LOG] SystemI::createSoundInternal             : exinfo->suggestedsoundtype = 5
[LOG] SystemI::createSoundInternal             : exinfo->useropen           = 000007FEC0620AD0
[LOG] SystemI::createSoundInternal             : exinfo->userclose          = 000007FEC0620AA0
[LOG] SystemI::createSoundInternal             : exinfo->userread           = 000007FEC0620BA0
[LOG] SystemI::createSoundInternal             : exinfo->userseek           = 000007FEC0620C60
[LOG] SystemI::createSoundInternal             : exinfo->fileuserdata       = 000000003682E888
[LOG] SystemI::createSoundInternal             : exinfo->initialseekpostype = 1
[LOG] SystemI::DSPCodecPoolRegister            : register codec pool for pool type 5
[LOG] SystemI::createSoundInternal             : Sample 0/1: name='snd_character_jumpdown1', format=5, channels=2, frequency=48000, lengthbytes=4768, lengthpcm=16153, pcmblocksize=0, loopstart=0, loopend=0, mode=0x00000000, channelmask=0x00000000, channelorder=0, peakvolume=0.705994.
[LOG] SystemI::createSoundInternal             : Create name='', mode=0x02000202
[LOG] SystemI::createSoundInternal             : exinfo->cbsize             = 224
[LOG] SystemI::createSoundInternal             : exinfo->length             = 9954816
[LOG] SystemI::createSoundInternal             : exinfo->fileoffset         = 79712
[LOG] SystemI::createSoundInternal             : exinfo->numsubsounds       = 1
[LOG] SystemI::createSoundInternal             : exinfo->inclusionlist      = 000000005C75EFF8
[LOG] SystemI::createSoundInternal             : exinfo->inclusionlistnum   = 1
[LOG] SystemI::createSoundInternal             : exinfo->suggestedsoundtype = 5
[LOG] SystemI::createSoundInternal             : exinfo->useropen           = 000007FEC0620AD0
[LOG] SystemI::createSoundInternal             : exinfo->userclose          = 000007FEC0620AA0
[LOG] SystemI::createSoundInternal             : exinfo->userread           = 000007FEC0620BA0
[LOG] SystemI::createSoundInternal             : exinfo->userseek           = 000007FEC0620C60
[LOG] SystemI::createSoundInternal             : exinfo->fileuserdata       = 000000003682E888
[LOG] SystemI::createSoundInternal             : exinfo->initialseekpostype = 1
[LOG] SystemI::DSPCodecPoolRegister            : register codec pool for pool type 5
[LOG] SystemI::createSoundInternal             : Sample 0/1: name='snd_character_jumpdown_metal3', format=5, channels=2, frequency=48000, lengthbytes=3392, lengthpcm=51642, pcmblocksize=0, loopstart=0, loopend=0, mode=0x00000000, channelmask=0x00000000, channelorder=0, peakvolume=0.115082.
[LOG] SystemI::createSoundInternal             : Create name='', mode=0x02000202
[LOG] SystemI::createSoundInternal             : exinfo->cbsize             = 224
[LOG] SystemI::createSoundInternal             : exinfo->length             = 9954816
[LOG] SystemI::createSoundInternal             : exinfo->fileoffset         = 79712
[LOG] SystemI::createSoundInternal             : exinfo->numsubsounds       = 1
[LOG] SystemI::createSoundInternal             : exinfo->inclusionlist      = 000000005C75EFF8
[LOG] SystemI::createSoundInternal             : exinfo->inclusionlistnum   = 1
[LOG] SystemI::createSoundInternal             : exinfo->suggestedsoundtype = 5
[LOG] SystemI::createSoundInternal             : exinfo->useropen           = 000007FEC0620AD0
[LOG] SystemI::createSoundInternal             : exinfo->userclose          = 000007FEC0620AA0
[LOG] SystemI::createSoundInternal             : exinfo->userread           = 000007FEC0620BA0
[LOG] SystemI::createSoundInternal             : exinfo->userseek           = 000007FEC0620C60
[LOG] SystemI::createSoundInternal             : exinfo->fileuserdata       = 000000002F3ACF98
[LOG] SystemI::createSoundInternal             : exinfo->initialseekpostype = 1
[LOG] SystemI::DSPCodecPoolRegister            : register codec pool for pool type 5
[LOG] SystemI::createSoundInternal             : Sample 0/1: name='snd_character_footstep4', format=5, channels=1, frequency=48000, lengthbytes=3584, lengthpcm=20249, pcmblocksize=0, loopstart=0, loopend=0, mode=0x00000000, channelmask=0x00000000, channelorder=0, peakvolume=0.013824.
[LOG] SystemI::createSoundInternal             : Create name='', mode=0x02000202
[LOG] SystemI::createSoundInternal             : exinfo->cbsize             = 224
[LOG] SystemI::createSoundInternal             : exinfo->length             = 9954816
[LOG] SystemI::createSoundInternal             : exinfo->fileoffset         = 79712
[LOG] SystemI::createSoundInternal             : exinfo->numsubsounds       = 1
[LOG] SystemI::createSoundInternal             : exinfo->inclusionlist      = 000000005C75EFF8
[LOG] SystemI::createSoundInternal             : exinfo->inclusionlistnum   = 1
[LOG] SystemI::createSoundInternal             : exinfo->suggestedsoundtype = 5
[LOG] SystemI::createSoundInternal             : exinfo->useropen           = 000007FEC0620AD0
[LOG] SystemI::createSoundInternal             : exinfo->userclose          = 000007FEC0620AA0
[LOG] SystemI::createSoundInternal             : exinfo->userread           = 000007FEC0620BA0
[LOG] SystemI::createSoundInternal             : exinfo->userseek           = 000007FEC0620C60
[LOG] SystemI::createSoundInternal             : exinfo->fileuserdata       = 000000002F3ACF98
[LOG] SystemI::createSoundInternal             : exinfo->initialseekpostype = 1
[LOG] SystemI::DSPCodecPoolRegister            : register codec pool for pool type 5
[LOG] SystemI::createSoundInternal             : Sample 0/1: name='snd_character_footstep5', format=5, channels=1, frequency=48000, lengthbytes=4608, lengthpcm=25495, pcmblocksize=0, loopstart=0, loopend=0, mode=0x00000000, channelmask=0x00000000, channelorder=0, peakvolume=0.016785.
[LOG] SystemI::createSoundInternal             : Create name='', mode=0x02000202
[LOG] SystemI::createSoundInternal             : exinfo->cbsize             = 224
[LOG] SystemI::createSoundInternal             : exinfo->length             = 9954816
[LOG] SystemI::createSoundInternal             : exinfo->fileoffset         = 79712
[LOG] SystemI::createSoundInternal             : exinfo->numsubsounds       = 1
[LOG] SystemI::createSoundInternal             : exinfo->inclusionlist      = 000000005C75EFF8
[LOG] SystemI::createSoundInternal             : exinfo->inclusionlistnum   = 1
[LOG] SystemI::createSoundInternal             : exinfo->suggestedsoundtype = 5
[LOG] SystemI::createSoundInternal             : exinfo->useropen           = 000007FEC0620AD0
[LOG] SystemI::createSoundInternal             : exinfo->userclose          = 000007FEC0620AA0
[LOG] SystemI::createSoundInternal             : exinfo->userread           = 000007FEC0620BA0
[LOG] SystemI::createSoundInternal             : exinfo->userseek           = 000007FEC0620C60
[LOG] SystemI::createSoundInternal             : exinfo->fileuserdata       = 000000002F3ACF98
[LOG] SystemI::createSoundInternal             : exinfo->initialseekpostype = 1
[LOG] SystemI::DSPCodecPoolRegister            : register codec pool for pool type 5
[LOG] SystemI::createSoundInternal             : Sample 0/1: name='snd_character_footstep3', format=5, channels=1, frequency=48000, lengthbytes=4352, lengthpcm=24465, pcmblocksize=0, loopstart=0, loopend=0, mode=0x00000000, channelmask=0x00000000, channelorder=0, peakvolume=0.020203.
[LOG] SystemI::createSoundInternal             : Create name='', mode=0x02000202
[LOG] SystemI::createSoundInternal             : exinfo->cbsize             = 224
[LOG] SystemI::createSoundInternal             : exinfo->length             = 9954816
[LOG] SystemI::createSoundInternal             : exinfo->fileoffset         = 79712
[LOG] SystemI::createSoundInternal             : exinfo->numsubsounds       = 1
[LOG] SystemI::createSoundInternal             : exinfo->inclusionlist      = 000000005C75EFF8
[LOG] SystemI::createSoundInternal             : exinfo->inclusionlistnum   = 1
[LOG] SystemI::createSoundInternal             : exinfo->suggestedsoundtype = 5
[LOG] SystemI::createSoundInternal             : exinfo->useropen           = 000007FEC0620AD0
[LOG] SystemI::createSoundInternal             : exinfo->userclose          = 000007FEC0620AA0
[LOG] SystemI::createSoundInternal             : exinfo->userread           = 000007FEC0620BA0
[LOG] SystemI::createSoundInternal             : exinfo->userseek           = 000007FEC0620C60
[LOG] SystemI::createSoundInternal             : exinfo->fileuserdata       = 000000002F3ACF98
[LOG] SystemI::createSoundInternal             : exinfo->initialseekpostype = 1
[LOG] SystemI::DSPCodecPoolRegister            : register codec pool for pool type 5
[LOG] SystemI::createSoundInternal             : Sample 0/1: name='snd_character_footstep1', format=5, channels=1, frequency=48000, lengthbytes=4608, lengthpcm=25418, pcmblocksize=0, loopstart=0, loopend=0, mode=0x00000000, channelmask=0x00000000, channelorder=0, peakvolume=0.022369.
[LOG] SystemI::createSoundInternal             : Create name='', mode=0x02000202
[LOG] SystemI::createSoundInternal             : exinfo->cbsize             = 224
[LOG] SystemI::createSoundInternal             : exinfo->length             = 9954816
[LOG] SystemI::createSoundInternal             : exinfo->fileoffset         = 79712
[LOG] SystemI::createSoundInternal             : exinfo->numsubsounds       = 1
[LOG] SystemI::createSoundInternal             : exinfo->inclusionlist      = 000000005C75EFF8
[LOG] SystemI::createSoundInternal             : exinfo->inclusionlistnum   = 1
[LOG] SystemI::createSoundInternal             : exinfo->suggestedsoundtype = 5
[LOG] SystemI::createSoundInternal             : exinfo->useropen           = 000007FEC0620AD0
[LOG] SystemI::createSoundInternal             : exinfo->userclose          = 000007FEC0620AA0
[LOG] SystemI::createSoundInternal             : exinfo->userread           = 000007FEC0620BA0
[LOG] SystemI::createSoundInternal             : exinfo->userseek           = 000007FEC0620C60
[LOG] SystemI::createSoundInternal             : exinfo->fileuserdata       = 000000002F3ACF98
[LOG] SystemI::createSoundInternal             : exinfo->initialseekpostype = 1
[LOG] SystemI::DSPCodecPoolRegister            : register codec pool for pool type 5
[LOG] SystemI::createSoundInternal             : Sample 0/1: name='snd_character_footstep6', format=5, channels=1, frequency=48000, lengthbytes=4096, lengthpcm=22495, pcmblocksize=0, loopstart=0, loopend=0, mode=0x00000000, channelmask=0x00000000, channelorder=0, peakvolume=0.011169.
[LOG] SystemI::createSoundInternal             : Create name='', mode=0x02000202
[LOG] SystemI::createSoundInternal             : exinfo->cbsize             = 224
[LOG] SystemI::createSoundInternal             : exinfo->length             = 9954816
[LOG] SystemI::createSoundInternal             : exinfo->fileoffset         = 79712
[LOG] SystemI::createSoundInternal             : exinfo->numsubsounds       = 1
[LOG] SystemI::createSoundInternal             : exinfo->inclusionlist      = 000000005C75EFF8
[LOG] SystemI::createSoundInternal             : exinfo->inclusionlistnum   = 1
[LOG] SystemI::createSoundInternal             : exinfo->suggestedsoundtype = 5
[LOG] SystemI::createSoundInternal             : exinfo->useropen           = 000007FEC0620AD0
[LOG] SystemI::createSoundInternal             : exinfo->userclose          = 000007FEC0620AA0
[LOG] SystemI::createSoundInternal             : exinfo->userread           = 000007FEC0620BA0
[LOG] SystemI::createSoundInternal             : exinfo->userseek           = 000007FEC0620C60
[LOG] SystemI::createSoundInternal             : exinfo->fileuserdata       = 000000002F3ACF98
[LOG] SystemI::createSoundInternal             : exinfo->initialseekpostype = 1
[LOG] SystemI::DSPCodecPoolRegister            : register codec pool for pool type 5
[LOG] SystemI::createSoundInternal             : Sample 0/1: name='snd_character_footstep2', format=5, channels=1, frequency=48000, lengthbytes=4992, lengthpcm=28551, pcmblocksize=0, loopstart=0, loopend=0, mode=0x00000000, channelmask=0x00000000, channelorder=0, peakvolume=0.019196.
[LOG] SystemI::createSound                     : filename = FModProject/TTPD/Build/Desktop/Master.bank : mode 02010082
[LOG] SystemI::createSound                     : FMOD_NONBLOCKING specified.  Putting into queue to be opened asynchronously!
[LOG] SystemI::createSound                     : setdata soundi = 000000002EFAF838 : node = 000000002EEEF9F0
[LOG] SystemI::createSound                     : add node to async list : head = 0000000035C1EE58.  list count = 0
[LOG] AsyncThread::threadFunc                  : Starting Asynchronous operation on sound 000000002EFAF838
[LOG] SystemI::createSoundInternal             :     Create name='FModProject/TTPD/Build/Desktop/Master.bank', mode=0x02010082
[LOG] SystemI::createSoundInternal             :     exinfo->cbsize             = 224
[LOG] SystemI::createSoundInternal             :     exinfo->length             = 9954816
[LOG] SystemI::createSoundInternal             :     exinfo->fileoffset         = 79712
[LOG] SystemI::createSoundInternal             :     exinfo->numsubsounds       = 1
[LOG] SystemI::createSoundInternal             :     exinfo->inclusionlist      = 000000002EEEFB00
[LOG] SystemI::createSoundInternal             :     exinfo->inclusionlistnum   = 1
[LOG] SystemI::createSoundInternal             :     exinfo->suggestedsoundtype = 5
[LOG] SystemI::createSoundInternal             :     exinfo->initialseekpostype = 1
[LOG] SystemI::createSoundInternal             :     Stream 0/1: name='snd_back_lightmusic_hiFx', format=5, channels=2, frequency=48000, lengthbytes=147968, lengthpcm=576000, pcmblocksize=0, loopstart=0, loopend=0, mode=0x00000000, channelmask=0x00000000, channelorder=0, peakvolume=0.027374.
[LOG] AsyncThread::threadFunc                  : Finished Asynchronous operation on sound 000000002EFAF838
[LOG] SystemI::createSoundInternal             : Create name='', mode=0x02000202
[LOG] SystemI::createSoundInternal             : exinfo->cbsize             = 224
[LOG] SystemI::createSoundInternal             : exinfo->length             = 9954816
[LOG] SystemI::createSoundInternal             : exinfo->fileoffset         = 79712
[LOG] SystemI::createSoundInternal             : exinfo->numsubsounds       = 1
[LOG] SystemI::createSoundInternal             : exinfo->inclusionlist      = 000000005C75EFF8
[LOG] SystemI::createSoundInternal             : exinfo->inclusionlistnum   = 1
[LOG] SystemI::createSoundInternal             : exinfo->suggestedsoundtype = 5
[LOG] SystemI::createSoundInternal             : exinfo->useropen           = 000007FEC0620AD0
[LOG] SystemI::createSoundInternal             : exinfo->userclose          = 000007FEC0620AA0
[LOG] SystemI::createSoundInternal             : exinfo->userread           = 000007FEC0620BA0
[LOG] SystemI::createSoundInternal             : exinfo->userseek           = 000007FEC0620C60
[LOG] SystemI::createSoundInternal             : exinfo->fileuserdata       = 0000000031983348
[LOG] SystemI::createSoundInternal             : exinfo->initialseekpostype = 1
[LOG] SystemI::DSPCodecPoolRegister            : register codec pool for pool type 5
[LOG] SystemI::createSoundInternal             : Sample 0/1: name='snd_character_jumpup1', format=5, channels=2, frequency=48000, lengthbytes=3616, lengthpcm=15638, pcmblocksize=0, loopstart=0, loopend=0, mode=0x00000000, channelmask=0x00000000, channelorder=0, peakvolume=0.181976.
[LOG] SystemI::createSoundInternal             : Create name='', mode=0x02000202
[LOG] SystemI::createSoundInternal             : exinfo->cbsize             = 224
[LOG] SystemI::createSoundInternal             : exinfo->length             = 9954816
[LOG] SystemI::createSoundInternal             : exinfo->fileoffset         = 79712
[LOG] SystemI::createSoundInternal             : exinfo->numsubsounds       = 1
[LOG] SystemI::createSoundInternal             : exinfo->inclusionlist      = 000000005C75EFF8
[LOG] SystemI::createSoundInternal             : exinfo->inclusionlistnum   = 1
[LOG] SystemI::createSoundInternal             : exinfo->suggestedsoundtype = 5
[LOG] SystemI::createSoundInternal             : exinfo->useropen           = 000007FEC0620AD0
[LOG] SystemI::createSoundInternal             : exinfo->userclose          = 000007FEC0620AA0
[LOG] SystemI::createSoundInternal             : exinfo->userread           = 000007FEC0620BA0
[LOG] SystemI::createSoundInternal             : exinfo->userseek           = 000007FEC0620C60
[LOG] SystemI::createSoundInternal             : exinfo->fileuserdata       = 0000000031983348
[LOG] SystemI::createSoundInternal             : exinfo->initialseekpostype = 1
[LOG] SystemI::DSPCodecPoolRegister            : register codec pool for pool type 5
[LOG] SystemI::createSoundInternal             : Sample 0/1: name='snd_character_jumpup4', format=5, channels=2, frequency=48000, lengthbytes=4032, lengthpcm=18753, pcmblocksize=0, loopstart=0, loopend=0, mode=0x00000000, channelmask=0x00000000, channelorder=0, peakvolume=0.235992.
[LOG] SystemI::createSoundInternal             : Create name='', mode=0x02000202
[LOG] SystemI::createSoundInternal             : exinfo->cbsize             = 224
[LOG] SystemI::createSoundInternal             : exinfo->length             = 9954816
[LOG] SystemI::createSoundInternal             : exinfo->fileoffset         = 79712
[LOG] SystemI::createSoundInternal             : exinfo->numsubsounds       = 1
[LOG] SystemI::createSoundInternal             : exinfo->inclusionlist      = 000000005C75EFF8
[LOG] SystemI::createSoundInternal             : exinfo->inclusionlistnum   = 1
[LOG] SystemI::createSoundInternal             : exinfo->suggestedsoundtype = 5
[LOG] SystemI::createSoundInternal             : exinfo->useropen           = 000007FEC0620AD0
[LOG] SystemI::createSoundInternal             : exinfo->userclose          = 000007FEC0620AA0
[LOG] SystemI::createSoundInternal             : exinfo->userread           = 000007FEC0620BA0
[LOG] SystemI::createSoundInternal             : exinfo->userseek           = 000007FEC0620C60
[LOG] SystemI::createSoundInternal             : exinfo->fileuserdata       = 0000000031983348
[LOG] SystemI::createSoundInternal             : exinfo->initialseekpostype = 1
[LOG] SystemI::DSPCodecPoolRegister            : register codec pool for pool type 5
[LOG] SystemI::createSoundInternal             : Sample 0/1: name='snd_character_jumpup2', format=5, channels=2, frequency=48000, lengthbytes=4224, lengthpcm=17049, pcmblocksize=0, loopstart=0, loopend=0, mode=0x00000000, channelmask=0x00000000, channelorder=0, peakvolume=0.267853.
[LOG] SystemI::createSoundInternal             : Create name='', mode=0x02000202
[LOG] SystemI::createSoundInternal             : exinfo->cbsize             = 224
[LOG] SystemI::createSoundInternal             : exinfo->length             = 9954816
[LOG] SystemI::createSoundInternal             : exinfo->fileoffset         = 79712
[LOG] SystemI::createSoundInternal             : exinfo->numsubsounds       = 1
[LOG] SystemI::createSoundInternal             : exinfo->inclusionlist      = 000000005C75EFF8
[LOG] SystemI::createSoundInternal             : exinfo->inclusionlistnum   = 1
[LOG] SystemI::createSoundInternal             : exinfo->suggestedsoundtype = 5
[LOG] SystemI::createSoundInternal             : exinfo->useropen           = 000007FEC0620AD0
[LOG] SystemI::createSoundInternal             : exinfo->userclose          = 000007FEC0620AA0
[LOG] SystemI::createSoundInternal             : exinfo->userread           = 000007FEC0620BA0
[LOG] SystemI::createSoundInternal             : exinfo->userseek           = 000007FEC0620C60
[LOG] SystemI::createSoundInternal             : exinfo->fileuserdata       = 0000000031983348
[LOG] SystemI::createSoundInternal             : exinfo->initialseekpostype = 1
[LOG] SystemI::DSPCodecPoolRegister            : register codec pool for pool type 5
[LOG] SystemI::createSoundInternal             : Sample 0/1: name='snd_character_jumpup3', format=5, channels=2, frequency=48000, lengthbytes=3872, lengthpcm=15814, pcmblocksize=0, loopstart=0, loopend=0, mode=0x00000000, channelmask=0x00000000, channelorder=0, peakvolume=0.172821.
[LOG] SystemI::createSound                     : filename = FModProject/TTPD/Build/Desktop/Master.bank : mode 02010082
[LOG] SystemI::createSound                     : FMOD_NONBLOCKING specified.  Putting into queue to be opened asynchronously!
[LOG] SystemI::createSound                     : setdata soundi = 000000002EFAF688 : node = 000000002EEEF8B0
[LOG] SystemI::createSound                     : add node to async list : head = 0000000035C1EE58.  list count = 0
[LOG] SystemI::createSound                     : filename = FModProject/TTPD/Build/Desktop/Master.bank : mode 02010082
[LOG] SystemI::createSound                     : FMOD_NONBLOCKING specified.  Putting into queue to be opened asynchronously!
[LOG] SystemI::createSound                     : setdata soundi = 0000000029D9EC98 : node = 000000002EEEF4F0
[LOG] SystemI::createSound                     : add node to async list : head = 0000000035C1EE58.  list count = 1
[LOG] SystemI::createSound                     : filename = FModProject/TTPD/Build/Desktop/Master.bank : mode 02010082
[LOG] SystemI::createSound                     : FMOD_NONBLOCKING specified.  Putting into queue to be opened asynchronously!
[LOG] SystemI::createSound                     : setdata soundi = 0000000029D9EE48 : node = 000000002EEEF630
[LOG] SystemI::createSound                     : add node to async list : head = 0000000035C1EE58.  list count = 2
[LOG] AsyncThread::threadFunc                  : Starting Asynchronous operation on sound 000000002EFAF688
[LOG] SystemI::createSoundInternal             :     Create name='FModProject/TTPD/Build/Desktop/Master.bank', mode=0x02010082
[LOG] SystemI::createSoundInternal             :     exinfo->cbsize             = 224
[LOG] SystemI::createSoundInternal             :     exinfo->length             = 9954816
[LOG] SystemI::createSoundInternal             :     exinfo->fileoffset         = 79712
[LOG] SystemI::createSoundInternal             :     exinfo->numsubsounds       = 1
[LOG] SystemI::createSoundInternal             :     exinfo->inclusionlist      = 000000002EEEF9C0
[LOG] SystemI::createSoundInternal             :     exinfo->inclusionlistnum   = 1
[LOG] SystemI::createSoundInternal             :     exinfo->suggestedsoundtype = 5
[LOG] SystemI::createSoundInternal             :     exinfo->initialseekpostype = 1
[LOG] SystemI::createSoundInternal             :     Stream 0/1: name='snd_back_lightmusic_piano3', format=5, channels=2, frequency=48000, lengthbytes=217952, lengthpcm=1152000, pcmblocksize=0, loopstart=0, loopend=0, mode=0x00000000, channelmask=0x00000000, channelorder=0, peakvolume=0.642242.
[LOG] AsyncThread::threadFunc                  : Finished Asynchronous operation on sound 000000002EFAF688
[LOG] AsyncThread::threadFunc                  : Starting Asynchronous operation on sound 0000000029D9EC98
[LOG] SystemI::createSoundInternal             :     Create name='FModProject/TTPD/Build/Desktop/Master.bank', mode=0x02010082
[LOG] SystemI::createSoundInternal             :     exinfo->cbsize             = 224
[LOG] SystemI::createSoundInternal             :     exinfo->length             = 9954816
[LOG] SystemI::createSoundInternal             :     exinfo->fileoffset         = 79712
[LOG] SystemI::createSoundInternal             :     exinfo->numsubsounds       = 1
[LOG] SystemI::createSoundInternal             :     exinfo->inclusionlist      = 000000002EEEF600
[LOG] SystemI::createSoundInternal             :     exinfo->inclusionlistnum   = 1
[LOG] SystemI::createSoundInternal             :     exinfo->suggestedsoundtype = 5
[LOG] SystemI::createSoundInternal             :     exinfo->initialseekpostype = 1
[LOG] SystemI::createSoundInternal             :     Stream 0/1: name='snd_back_lightmusic_lowkick', format=5, channels=2, frequency=48000, lengthbytes=75520, lengthpcm=1152000, pcmblocksize=0, loopstart=0, loopend=0, mode=0x00000000, channelmask=0x00000000, channelorder=0, peakvolume=0.438263.
[LOG] AsyncThread::threadFunc                  : Finished Asynchronous operation on sound 0000000029D9EC98
[LOG] AsyncThread::threadFunc                  : Starting Asynchronous operation on sound 0000000029D9EE48
[LOG] SystemI::createSoundInternal             :     Create name='FModProject/TTPD/Build/Desktop/Master.bank', mode=0x02010082
[LOG] SystemI::createSoundInternal             :     exinfo->cbsize             = 224
[LOG] SystemI::createSoundInternal             :     exinfo->length             = 9954816
[LOG] SystemI::createSoundInternal             :     exinfo->fileoffset         = 79712
[LOG] SystemI::createSoundInternal             :     exinfo->numsubsounds       = 1
[LOG] SystemI::createSoundInternal             :     exinfo->inclusionlist      = 000000002EEEF740
[LOG] SystemI::createSoundInternal             :     exinfo->inclusionlistnum   = 1
[LOG] SystemI::createSoundInternal             :     exinfo->suggestedsoundtype = 5
[LOG] SystemI::createSoundInternal             :     exinfo->initialseekpostype = 1
[LOG] SystemI::createSoundInternal             :     Stream 0/1: name='snd_back_lightmusic_piano1', format=5, channels=2, frequency=48000, lengthbytes=451680, lengthpcm=2304000, pcmblocksize=0, loopstart=0, loopend=0, mode=0x00000000, channelmask=0x00000000, channelorder=0, peakvolume=0.642517.
[LOG] AsyncThread::threadFunc                  : Finished Asynchronous operation on sound 0000000029D9EE48
[LOG] SoundI::release                          : snd_back_lightmusic_pianoStart (00000000591C11B8)
[LOG] SoundI::release                          :     snd_back_lightmusic_pianoStart (0000000031AAD2F8)
[LOG] SoundI::release                          :     snd_back_lightmusic_pianoStart (00000000591C0E58)
[LOG] SoundI::release                          : snd_back_lightmusic_hiFx (000000002EFAF838)
[LOG] SoundI::release                          :     snd_back_lightmusic_hiFx (000000005D747F88)
[LOG] SoundI::release                          :     snd_back_lightmusic_hiFx (00000000591C1008)
[LOG] SoundI::release                          : snd_back_caveambient (00000000305F6508)
[LOG] SoundI::release                          :     snd_back_caveambient (0000000031AACFB8)
[LOG] SoundI::release                          :     snd_back_caveambient (00000000305F66B8)
[LOG] SoundI::release                          : snd_back_lightmusic_piano1 (0000000029D9EE48)
[LOG] SoundI::release                          :     snd_back_lightmusic_piano1 (000000003119A9E8)
[LOG] SoundI::release                          :     snd_back_lightmusic_piano1 (00000000336BF978)
[LOG] SoundI::release                          : snd_back_lightmusic_lowkick (0000000029D9EC98)
[LOG] SoundI::release                          :     snd_back_lightmusic_lowkick (000000003119A6A8)
[LOG] SoundI::release                          :     snd_back_lightmusic_lowkick (00000000336BFB28)
[LOG] SoundI::release                          : snd_back_lightmusic_piano3 (000000002EFAF688)
[LOG] SoundI::release                          :     snd_back_lightmusic_piano3 (000000003119A368)
[LOG] SoundI::release                          :     snd_back_lightmusic_piano3 (00000000336BF2B8)
[LOG] SoundI::release                          :  (00000000305DA7F8)
[LOG] SoundI::release                          :     snd_character_footstep1 (000000005D7470E8)
[LOG] SoundI::release                          :  (00000000305DAAD8)
[LOG] SoundI::release                          :     snd_character_footstep2 (000000005D747768)
[LOG] SoundI::release                          :  (00000000305DA688)
[LOG] SoundI::release                          :     snd_character_footstep3 (000000005D746DA8)
[LOG] SoundI::release                          :  (000000002EEB5A88)
[LOG] SoundI::release                          :     snd_character_footstep4 (000000002EFDBF58)
[LOG] SoundI::release                          :  (00000000305DA518)
[LOG] SoundI::release                          :     snd_character_footstep5 (000000005D746A68)
[LOG] SoundI::release                          :  (00000000305DA968)
[LOG] SoundI::release                          :     snd_character_footstep6 (000000005D747428)
[LOG] SoundI::release                          :  (00000000305DAF28)
[LOG] SoundI::release                          :     snd_character_jumpup1 (000000005D747AA8)
[LOG] SoundI::release                          :  (00000000305DAC48)
[LOG] SoundI::release                          :     snd_character_jumpup2 (0000000031198E48)
[LOG] SoundI::release                          :  (00000000305DB208)
[LOG] SoundI::release                          :     snd_character_jumpup3 (0000000031199188)
[LOG] SoundI::release                          :  (00000000305DADB8)
[LOG] SoundI::release                          :     snd_character_jumpup4 (000000005D748468)
[LOG] SoundI::release                          :  (000000002EEB57A8)
[LOG] SoundI::release                          :     snd_character_jumpdown1 (000000002EFDBA78)
[LOG] SoundI::release                          :  (000000002EEB54C8)
[LOG] SoundI::release                          :     snd_character_jumpdown2 (000000002EFDB3F8)
[LOG] SoundI::release                          :  (000000002EEB4D98)
[LOG] SoundI::release                          :     snd_character_jumpdown_metal1 (000000002EFDA3B8)
[LOG] SoundI::release                          :  (000000002EEB5358)
[LOG] SoundI::release                          :     snd_character_jumpdown_metal2 (000000002EFDB0B8)
[LOG] SoundI::release                          :  (000000002EEB5918)
[LOG] SoundI::release                          :     snd_character_jumpdown_metal3 (000000002EFDBDB8)
[LOG] SoundI::release                          :  (000000002EEB5638)
[LOG] SoundI::release                          :     snd_character_jumpdown_metal4 (000000002EFDB738)
[LOG] SoundI::release                          :  (000000003187FBC8)
[LOG] SoundI::release                          :     snd_character_footstep_cloth1 (0000000031AAD7D8)
[LOG] SoundI::release                          :  (000000002EEB51E8)
[LOG] SoundI::release                          :     snd_character_footstep_cloth2 (000000002EFDAD78)
[LOG] SoundI::release                          :  (000000002EEB5078)
[LOG] SoundI::release                          :     snd_character_footstep_cloth3 (000000002EFDAA38)
[LOG] SoundI::release                          :  (000000002EEB4F08)
[LOG] SoundI::release                          :     snd_character_footstep_cloth4 (000000002EFDA6F8)
[LOG] Thread::callback                         : FMOD Studio update thread finished.
[LOG] Thread::callback                         : FMOD Studio bank load thread finished.
[LOG] ProfileClient::markForDead               : Closing client connection
[LOG] FMOD_OS_Net_Read                         : Interrupted.[LOG] ProfileClient::recvThreadLoopFunction    : Socket disconnected
[LOG] Thread::callback                         : FMOD profiler thread (recv) finished.
[LOG] Profile::disconnectAll                   : Profiler disconnecting all clients
[LOG] Thread::callback                         : FMOD profiler thread (send) finished.
[LOG] Thread::callback                         : FMOD Studio sample load thread finished.
[LOG] LiveUpdate::release                      : 
[LOG] LiveUpdate::reset                        : Reset connection (reason Disconnected)
[LOG] Thread::callback                         : FMOD stream thread finished.
[LOG] Thread::callback                         : FMOD mixer thread finished.
[LOG] Profile::disconnectAll                   : Profiler disconnecting all clients
[LOG] SystemI::close                           : Closed.
[LOG] Thread::callback                         : FMOD Studio bank load thread finished.
[LOG] Thread::callback                         : FMOD Studio sample load thread finished.
[LOG] LiveUpdate::release                      : 
[LOG] LiveUpdate::reset                        : Reset connection (reason Disconnected)
[LOG] Thread::callback                         : FMOD stream thread finished.
[LOG] Thread::callback                         : FMOD mixer thread finished.
[LOG] SystemI::close                           : Closed.
[LOG] Thread::callback                         : FMOD nonblocking thread (0) finished.
[LOG] Thread::callback                         : FMOD file thread finished.
